<?xml version="1.0" encoding="UTF-8"?>
<testng-results skipped="0" failed="0" ignored="0" total="3" passed="3">
  <reporter-output>
  </reporter-output>
  <suite name="Default suite" duration-ms="614" started-at="2022-05-06T17:40:10 IST" finished-at="2022-05-06T17:40:10 IST">
    <groups>
    </groups>
    <test name="Default test" duration-ms="614" started-at="2022-05-06T17:40:10 IST" finished-at="2022-05-06T17:40:10 IST">
      <class name="day21_TESTNG.FirstTestCase">
        <test-method status="PASS" signature="openurl()[pri:5, instance:day21_TESTNG.FirstTestCase@3e77a1ed]" name="openurl" duration-ms="302" started-at="2022-05-06T17:40:10 IST" finished-at="2022-05-06T17:40:10 IST">
          <reporter-output>
          </reporter-output>
        </test-method> <!-- openurl -->
        <test-method status="PASS" signature="login()[pri:10, instance:day21_TESTNG.FirstTestCase@3e77a1ed]" name="login" duration-ms="1" started-at="2022-05-06T17:40:10 IST" finished-at="2022-05-06T17:40:10 IST">
          <reporter-output>
          </reporter-output>
        </test-method> <!-- login -->
        <test-method status="PASS" signature="logout()[pri:15, instance:day21_TESTNG.FirstTestCase@3e77a1ed]" name="logout" duration-ms="3" started-at="2022-05-06T17:40:10 IST" finished-at="2022-05-06T17:40:10 IST">
          <reporter-output>
          </reporter-output>
        </test-method> <!-- logout -->
      </class> <!-- day21_TESTNG.FirstTestCase -->
    </test> <!-- Default test -->
  </suite> <!-- Default suite -->
</testng-results>
