<?xml version="1.0" encoding="UTF-8"?>
<!-- Generated by org.testng.reporters.JUnitXMLReporter -->
<testsuite hostname="DESKTOP-E2QJP2R" ignored="1" name="test case name one" tests="2" failures="0" timestamp="2022-04-29T20:27:50 IST" time="0.071" errors="0">
  <testcase name="testmethod3" time="0.009" classname="testng.basicsoftesting"/>
  <testcase name="testmethod1" time="0.004" classname="testng.basicsoftesting"/>
  <testcase name="testmethod2" time="0.0" classname="testng.basicsoftesting">
    <ignored/>
  </testcase> <!-- testmethod2 -->
</testsuite> <!-- test case name one -->
