<?xml version="1.0" encoding="UTF-8"?>
<testng-results skipped="0" failed="0" ignored="0" total="2" passed="2">
  <reporter-output>
  </reporter-output>
  <suite name="Default suite" duration-ms="7067" started-at="2022-05-10T19:11:20 IST" finished-at="2022-05-10T19:11:27 IST">
    <groups>
    </groups>
    <test name="Default test" duration-ms="7067" started-at="2022-05-10T19:11:20 IST" finished-at="2022-05-10T19:11:27 IST">
      <class name="framework.testcase3">
        <test-method status="PASS" signature="initreport()[pri:0, instance:framework.testcase3@2a40cd94]" name="initreport" is-config="true" duration-ms="154" started-at="2022-05-10T19:11:20 IST" finished-at="2022-05-10T19:11:20 IST">
          <reporter-output>
          </reporter-output>
        </test-method> <!-- initreport -->
        <test-method status="PASS" signature="initbrowser()[pri:1, instance:framework.testcase3@2a40cd94]" name="initbrowser" duration-ms="6830" started-at="2022-05-10T19:11:20 IST" finished-at="2022-05-10T19:11:27 IST">
          <reporter-output>
          </reporter-output>
        </test-method> <!-- initbrowser -->
        <test-method status="PASS" signature="alerttest()[pri:2, instance:framework.testcase3@2a40cd94]" name="alerttest" duration-ms="177" started-at="2022-05-10T19:11:27 IST" finished-at="2022-05-10T19:11:27 IST">
          <reporter-output>
          </reporter-output>
        </test-method> <!-- alerttest -->
        <test-method status="PASS" signature="endreport()[pri:0, instance:framework.testcase3@2a40cd94]" name="endreport" is-config="true" duration-ms="466" started-at="2022-05-10T19:11:27 IST" finished-at="2022-05-10T19:11:27 IST">
          <reporter-output>
          </reporter-output>
        </test-method> <!-- endreport -->
      </class> <!-- framework.testcase3 -->
    </test> <!-- Default test -->
  </suite> <!-- Default suite -->
</testng-results>
