<?xml version="1.0" encoding="UTF-8"?>
<testng-results skipped="0" failed="0" ignored="0" total="1" passed="1">
  <reporter-output>
  </reporter-output>
  <suite name="MAVEN_PROJECT" duration-ms="49830" started-at="2022-05-09T07:41:19 IST" finished-at="2022-05-09T07:42:09 IST">
    <groups>
    </groups>
    <test name="LoginTest1" duration-ms="49830" started-at="2022-05-09T07:41:19 IST" finished-at="2022-05-09T07:42:09 IST">
      <class name="com.MAVEN_PROJECT.testcases.TC_AddnewCustomerTest_003">
        <test-method status="PASS" signature="driverSetting(java.lang.String)[pri:0, instance:com.MAVEN_PROJECT.testcases.TC_AddnewCustomerTest_003@fe18270]" name="driverSetting" is-config="true" duration-ms="3002" started-at="2022-05-09T07:41:19 IST" finished-at="2022-05-09T07:41:22 IST">
          <params>
            <param index="0">
              <value>
                <![CDATA[chrome]]>
              </value>
            </param>
          </params>
          <reporter-output>
          </reporter-output>
        </test-method> <!-- driverSetting -->
        <test-method status="PASS" signature="addNewCustomerTest()[pri:0, instance:com.MAVEN_PROJECT.testcases.TC_AddnewCustomerTest_003@fe18270]" name="addNewCustomerTest" duration-ms="45883" started-at="2022-05-09T07:41:22 IST" finished-at="2022-05-09T07:42:08 IST">
          <reporter-output>
          </reporter-output>
        </test-method> <!-- addNewCustomerTest -->
        <test-method status="PASS" signature="tearDown()[pri:0, instance:com.MAVEN_PROJECT.testcases.TC_AddnewCustomerTest_003@fe18270]" name="tearDown" is-config="true" duration-ms="750" started-at="2022-05-09T07:42:08 IST" finished-at="2022-05-09T07:42:09 IST">
          <reporter-output>
          </reporter-output>
        </test-method> <!-- tearDown -->
      </class> <!-- com.MAVEN_PROJECT.testcases.TC_AddnewCustomerTest_003 -->
    </test> <!-- LoginTest1 -->
  </suite> <!-- MAVEN_PROJECT -->
</testng-results>
